<?xml version="1.0" encoding="UTF-8"?>
<!-- Generated by org.testng.reporters.JUnitReportReporter -->
<testsuite hostname="DESKTOP-ORU1V0L" failures="0" tests="5" name="testNg.InvocationCount" time="0.059" errors="0" timestamp="2022-10-12T15:59:09 IST" skipped="0">
  <testcase classname="testNg.InvocationCount" name="demo" time="0.005"/>
  <system-out/>
  <testcase classname="testNg.InvocationCount" name="demo" time="0.003"/>
  <system-out/>
  <testcase classname="testNg.InvocationCount" name="demo" time="0.043"/>
  <system-out/>
  <testcase classname="testNg.InvocationCount" name="demo" time="0.003"/>
  <system-out/>
  <testcase classname="testNg.InvocationCount" name="demo" time="0.005"/>
  <system-out/>
</testsuite> <!-- testNg.InvocationCount -->
