<?xml version="1.0" encoding="UTF-8"?>
<!-- Generated by org.testng.reporters.JUnitReportReporter -->
<testsuite hostname="DESKTOP-ORU1V0L" failures="0" tests="3" name="testNg.DependsOn" time="0.050" errors="0" timestamp="2022-10-12T15:49:16 IST" skipped="0">
  <testcase classname="testNg.DependsOn" name="addToCart" time="0.005"/>
  <system-out/>
  <testcase classname="testNg.DependsOn" name="payment" time="0.005"/>
  <system-out/>
  <testcase classname="testNg.DependsOn" name="login" time="0.040"/>
  <system-out/>
</testsuite> <!-- testNg.DependsOn -->
