<?xml version="1.0" encoding="UTF-8"?>
<!-- Generated by org.testng.reporters.JUnitReportReporter -->
<testsuite hostname="DESKTOP-ORU1V0L" failures="0" tests="1" name="testNg.ParallelExecution2" time="24.179" errors="0" timestamp="2022-10-17T11:35:26 IST" skipped="0">
  <testcase classname="testNg.ParallelExecution2" name="demo1" time="24.179"/>
  <system-out/>
</testsuite> <!-- testNg.ParallelExecution2 -->
