<?xml version="1.0" encoding="UTF-8"?>
<!-- Generated by org.testng.reporters.JUnitReportReporter -->
<testsuite hostname="DESKTOP-ORU1V0L" failures="0" tests="1" name="Assertion.HardAssert" time="0.049" errors="0" timestamp="2022-10-17T11:46:39 IST" skipped="0">
  <testcase classname="Assertion.HardAssert" name="demo" time="0.049"/>
  <system-out/>
</testsuite> <!-- Assertion.HardAssert -->
