<?xml version="1.0" encoding="UTF-8"?>
<!-- Generated by org.testng.reporters.JUnitReportReporter -->
<testsuite hostname="DESKTOP-ORU1V0L" failures="0" tests="3" name="testNg.Enabled" time="0.050" errors="0" timestamp="2022-10-18T13:24:40 IST" skipped="1">
  <testcase classname="testNg.Enabled" name="a" time="0.045"/>
  <system-out/>
  <testcase classname="testNg.Enabled" name="c" time="0.005"/>
  <system-out/>
  <testcase classname="testNg.Enabled" name="b">
    <skipped/>
  </testcase> <!-- b -->
  <system-out/>
</testsuite> <!-- testNg.Enabled -->
