<?xml version="1.0" encoding="UTF-8"?>
<!-- Generated by org.testng.reporters.JUnitReportReporter -->
<testsuite hostname="DESKTOP-ORU1V0L" failures="0" tests="2" name="testNg.ParallelExecution" time="41.802" errors="0" timestamp="2022-10-17T11:35:27 IST" skipped="0">
  <testcase classname="testNg.ParallelExecution" name="demo1" time="14.931"/>
  <system-out/>
  <testcase classname="testNg.ParallelExecution" name="demo" time="26.871"/>
  <system-out/>
</testsuite> <!-- testNg.ParallelExecution -->
