<?xml version="1.0" encoding="UTF-8"?>
<!-- Generated by org.testng.reporters.JUnitReportReporter -->
<testsuite hostname="DESKTOP-ORU1V0L" failures="0" tests="5" name="testNg.AddProductToCart" time="0.071" errors="0" timestamp="2022-10-17T12:49:43 IST" skipped="0">
  <testcase classname="testNg.AddProductToCart" name="payment" time="0.006"/>
  <system-out/>
  <testcase classname="testNg.AddProductToCart" name="searchProduct" time="0.007"/>
  <system-out/>
  <testcase classname="testNg.AddProductToCart" name="login" time="0.009"/>
  <system-out/>
  <testcase classname="testNg.AddProductToCart" name="SelectProduct" time="0.042"/>
  <system-out/>
  <testcase classname="testNg.AddProductToCart" name="addToCart" time="0.007"/>
  <system-out/>
</testsuite> <!-- testNg.AddProductToCart -->
