<?xml version="1.0" encoding="UTF-8"?>
<!-- Generated by org.testng.reporters.JUnitReportReporter -->
<testsuite hostname="DESKTOP-ORU1V0L" failures="0" tests="4" name="testNg.priority" time="0.065" errors="0" timestamp="2022-10-12T15:12:55 IST" skipped="0">
  <testcase classname="testNg.priority" name="c" time="0.005"/>
  <system-out/>
  <testcase classname="testNg.priority" name="d" time="0.007"/>
  <system-out/>
  <testcase classname="testNg.priority" name="a" time="0.046"/>
  <system-out/>
  <testcase classname="testNg.priority" name="b" time="0.007"/>
  <system-out/>
</testsuite> <!-- testNg.priority -->
