<?xml version="1.0" encoding="UTF-8"?>
<!-- Generated by org.testng.reporters.JUnitReportReporter -->
<testsuite hostname="DESKTOP-ORU1V0L" failures="0" tests="5" name="testNg.Product" time="0.085" errors="0" timestamp="2022-10-12T15:32:03 IST" skipped="0">
  <testcase classname="testNg.Product" name="login" time="0.043"/>
  <system-out/>
  <testcase classname="testNg.Product" name="searchProduct" time="0.008"/>
  <system-out/>
  <testcase classname="testNg.Product" name="SelectProduct" time="0.007"/>
  <system-out/>
  <testcase classname="testNg.Product" name="AddToCart" time="0.016"/>
  <system-out/>
  <testcase classname="testNg.Product" name="Payment" time="0.011"/>
  <system-out/>
</testsuite> <!-- testNg.Product -->
